<?xml version="1.0" encoding="UTF-8"?>
<robot generator="Robot 7.1 (Python 3.12.6 on darwin)" generated="2024-11-17T20:20:44.138332" rpa="false" schemaversion="5">
<suite id="s1" name="Minimal" source="/Users/513007542/ttb_automation_test/testcase/mobile/minimal/minimal.robot">
<test id="s1-t1" name="SAA" line="18">
<kw name="Handle Calculate Date Time" owner="minimal">
<kw name="Get Current Date" owner="DateTime">
<msg time="2024-11-17T20:20:44.283281" level="INFO">${current_date_time} = 17 Nov 2024 08 20 PM</msg>
<var>${current_date_time}</var>
<arg>result_format=%d %b %Y %I %M %p</arg>
<doc>Returns current local or UTC time with an optional increment.</doc>
<status status="PASS" start="2024-11-17T20:20:44.283199" elapsed="0.000094"/>
</kw>
<kw name="Set Variable" owner="BuiltIn">
<msg time="2024-11-17T20:20:44.283554" level="INFO">${day} = 17</msg>
<var>${day}</var>
<arg>${current_date_time.split()[0]}</arg>
<doc>Returns the given values which can then be assigned to a variables.</doc>
<status status="PASS" start="2024-11-17T20:20:44.283346" elapsed="0.000216"/>
</kw>
<kw name="Set Variable" owner="BuiltIn">
<msg time="2024-11-17T20:20:44.283772" level="INFO">${month} = Nov</msg>
<var>${month}</var>
<arg>${current_date_time.split()[1]}</arg>
<doc>Returns the given values which can then be assigned to a variables.</doc>
<status status="PASS" start="2024-11-17T20:20:44.283601" elapsed="0.000177"/>
</kw>
<kw name="Set Variable" owner="BuiltIn">
<msg time="2024-11-17T20:20:44.283975" level="INFO">${year} = 2024</msg>
<var>${year}</var>
<arg>${current_date_time.split()[2]}</arg>
<doc>Returns the given values which can then be assigned to a variables.</doc>
<status status="PASS" start="2024-11-17T20:20:44.283812" elapsed="0.000170"/>
</kw>
<kw name="Set Variable" owner="BuiltIn">
<msg time="2024-11-17T20:20:44.284170" level="INFO">${hour} = 8</msg>
<var>${hour}</var>
<arg>${current_date_time.split()[3].lstrip('0')}</arg>
<doc>Returns the given values which can then be assigned to a variables.</doc>
<status status="PASS" start="2024-11-17T20:20:44.284015" elapsed="0.000162"/>
</kw>
<kw name="Convert To Integer" owner="BuiltIn">
<msg time="2024-11-17T20:20:44.284268" level="INFO">${hour} = 8</msg>
<var>${hour}</var>
<arg>${hour}</arg>
<doc>Converts the given item to an integer number.</doc>
<status status="PASS" start="2024-11-17T20:20:44.284212" elapsed="0.000062"/>
</kw>
<kw name="Evaluate" owner="BuiltIn">
<msg time="2024-11-17T20:20:44.284452" level="INFO">${hour} = 9</msg>
<var>${hour}</var>
<arg>${hour}+${1}</arg>
<doc>Evaluates the given expression in Python and returns the result.</doc>
<status status="PASS" start="2024-11-17T20:20:44.284307" elapsed="0.000151"/>
</kw>
<kw name="Set Variable" owner="BuiltIn">
<msg time="2024-11-17T20:20:44.284654" level="INFO">${minute} = 20</msg>
<var>${minute}</var>
<arg>${current_date_time.split()[4]}</arg>
<doc>Returns the given values which can then be assigned to a variables.</doc>
<status status="PASS" start="2024-11-17T20:20:44.284491" elapsed="0.000169"/>
</kw>
<kw name="Set Variable" owner="BuiltIn">
<msg time="2024-11-17T20:20:44.284868" level="INFO">${period} = PM</msg>
<var>${period}</var>
<arg>${current_date_time.split()[5]}</arg>
<doc>Returns the given values which can then be assigned to a variables.</doc>
<status status="PASS" start="2024-11-17T20:20:44.284694" elapsed="0.000181"/>
</kw>
<return>
<value>${day}</value>
<value>${month}</value>
<value>${year}</value>
<value>${hour}</value>
<value>${minute}</value>
<value>${period}</value>
<status status="PASS" start="2024-11-17T20:20:44.284892" elapsed="0.000018"/>
</return>
<msg time="2024-11-17T20:20:44.284991" level="INFO">${day} = 17</msg>
<msg time="2024-11-17T20:20:44.285001" level="INFO">${month} = Nov</msg>
<msg time="2024-11-17T20:20:44.285010" level="INFO">${year} = 2024</msg>
<msg time="2024-11-17T20:20:44.285018" level="INFO">${hour} = 9</msg>
<msg time="2024-11-17T20:20:44.285026" level="INFO">${minute} = 20</msg>
<msg time="2024-11-17T20:20:44.285033" level="INFO">${period} = PM</msg>
<var>${day}</var>
<var>${month}</var>
<var>${year}</var>
<var>${hour}</var>
<var>${minute}</var>
<var>${period}</var>
<status status="PASS" start="2024-11-17T20:20:44.282895" elapsed="0.002143"/>
</kw>
<kw name="Open Application Set Up" owner="common">
<kw name="Open Application" owner="AppiumLibrary">
<arg>${appium_server}</arg>
<arg>platformName=${platform_name}</arg>
<arg>platformVersion=${platform_version}</arg>
<arg>deviceName=${device_name}</arg>
<arg>app=${app_name}</arg>
<arg>automationName=${automation_name}</arg>
<arg>autoGrantPermissions=true</arg>
<arg>autoAcceptAlerts=true</arg>
<arg>allowTestPackages=true</arg>
<arg>newCommandTimeout=0</arg>
<doc>Opens a new application to given Appium server.
Capabilities of appium server, Android and iOS,
Please check https://appium.io/docs/en/2.1/cli/args/
| *Option*            | *Man.* | *Description*     |
| remote_url          | Yes    | Appium server url |
| alias               | no     | alias             |
| strict_ssl          | No     | allows you to send commands to an invalid certificate host like a self-signed one. |</doc>
<status status="PASS" start="2024-11-17T20:20:44.285188" elapsed="6.813094"/>
</kw>
<status status="PASS" start="2024-11-17T20:20:44.285113" elapsed="6.813907"/>
</kw>
<kw name="Verify Landing Mininal Reminder Page" owner="minimal">
<if>
<branch type="IF" condition="${there_is_reminder}==${TRUE}">
<kw name="Evaluate" owner="BuiltIn">
<var>${is_string}</var>
<arg>$title[0].isalpha()</arg>
<doc>Evaluates the given expression in Python and returns the result.</doc>
<status status="NOT RUN" start="2024-11-17T20:20:51.102053" elapsed="0.000034"/>
</kw>
<kw name="Run Keyword If" owner="BuiltIn">
<var>${title}</var>
<arg>'${is_string}'=='${TRUE}'</arg>
<arg>Convert To Title Case</arg>
<arg>${title}</arg>
<arg>ELSE</arg>
<arg>Set Variable</arg>
<arg>${title}</arg>
<doc>Runs the given keyword with the given arguments, if ``condition`` is true.</doc>
<status status="NOT RUN" start="2024-11-17T20:20:51.102260" elapsed="0.000016"/>
</kw>
<kw name="Find Reminder Item" owner="minimal">
<arg>added_full_time_reminder=${added_full_time_reminder}</arg>
<arg>title=${title}</arg>
<status status="NOT RUN" start="2024-11-17T20:20:51.102581" elapsed="0.000019"/>
</kw>
<status status="NOT RUN" start="2024-11-17T20:20:51.101458" elapsed="0.001172"/>
</branch>
<branch type="ELSE">
<kw name="Get Text" owner="AppiumLibrary">
<msg time="2024-11-17T20:20:51.437449" level="INFO">Element 'xpath=//android.view.ViewGroup[@resource-id="com.avjindersinghsekhon.minimaltodo:id/toolbar"]/android.widget.TextView' text is 'Minimal' </msg>
<msg time="2024-11-17T20:20:51.437573" level="INFO">xpath criteria: //android.view.ViewGroup[@resource-id="com.avjindersinghsekhon.minimaltodo:id/toolbar"]/android.widget.TextView</msg>
<msg time="2024-11-17T20:20:51.437681" level="INFO">${test} = Minimal</msg>
<var>${test}</var>
<arg>locator=${login_page_title_locator}</arg>
<doc>Get element text (for hybrid and mobile browser use `xpath` locator, others might cause problem)</doc>
<status status="PASS" start="2024-11-17T20:20:51.102812" elapsed="0.334897"/>
</kw>
<kw name="Wait Until Element Is Visible" owner="AppiumLibrary">
<msg time="2024-11-17T20:20:51.460300" level="INFO">xpath criteria: //android.widget.LinearLayout[@resource-id="com.avjindersinghsekhon.minimaltodo:id/toDoEmptyView"]/android.widget.ImageView</msg>
<arg>locator=${application_locator}</arg>
<arg>timeout=${timeout}</arg>
<doc>Waits until element specified with `locator` is visible.</doc>
<status status="PASS" start="2024-11-17T20:20:51.437954" elapsed="0.022416"/>
</kw>
<kw name="Wait Until Element Is Visible" owner="AppiumLibrary">
<msg time="2024-11-17T20:20:51.485161" level="INFO">xpath criteria: //android.support.v7.widget.bb/android.widget.ImageView</msg>
<arg>locator=${setting_button_locator}</arg>
<arg>timeout=${timeout}</arg>
<doc>Waits until element specified with `locator` is visible.</doc>
<status status="PASS" start="2024-11-17T20:20:51.460551" elapsed="0.024779"/>
</kw>
<kw name="Wait Until Element Is Visible" owner="AppiumLibrary">
<msg time="2024-11-17T20:20:52.036745" level="INFO">xpath criteria: //android.widget.ImageView[@resource-id="com.avjindersinghsekhon.minimaltodo:id/addToDoItemFAB"]</msg>
<arg>locator=${add_reminder_button_locator}</arg>
<arg>timeout=${timeout}</arg>
<doc>Waits until element specified with `locator` is visible.</doc>
<status status="PASS" start="2024-11-17T20:20:51.485759" elapsed="0.551372"/>
</kw>
<status status="PASS" start="2024-11-17T20:20:51.102688" elapsed="0.934581"/>
</branch>
<status status="PASS" start="2024-11-17T20:20:51.101394" elapsed="0.935970"/>
</if>
<arg>there_is_reminder=${FALSE}</arg>
<status status="PASS" start="2024-11-17T20:20:51.100421" elapsed="0.937049"/>
</kw>
<kw name="Add Mininal Reminder" owner="minimal">
<kw name="Log" owner="BuiltIn">
<msg time="2024-11-17T20:20:52.039275" level="INFO">True</msg>
<arg>${toggle_minial_reminder_on}</arg>
<doc>Logs the given message with the given level.</doc>
<status status="PASS" start="2024-11-17T20:20:52.039033" elapsed="0.000301"/>
</kw>
<kw name="Wait And Click Element" owner="common">
<kw name="Wait Until Element Is Visible" owner="AppiumLibrary">
<msg time="2024-11-17T20:20:52.079085" level="INFO">xpath criteria: //android.widget.ImageView[@resource-id="com.avjindersinghsekhon.minimaltodo:id/addToDoItemFAB"]</msg>
<arg>${locator}</arg>
<arg>${timeout}</arg>
<doc>Waits until element specified with `locator` is visible.</doc>
<status status="PASS" start="2024-11-17T20:20:52.039924" elapsed="0.039288"/>
</kw>
<kw name="Click Element" owner="AppiumLibrary">
<msg time="2024-11-17T20:20:52.082789" level="INFO">Clicking element 'xpath=//android.widget.ImageView[@resource-id="com.avjindersinghsekhon.minimaltodo:id/addToDoItemFAB"]'.</msg>
<msg time="2024-11-17T20:20:52.159348" level="INFO">xpath criteria: //android.widget.ImageView[@resource-id="com.avjindersinghsekhon.minimaltodo:id/addToDoItemFAB"]</msg>
<arg>${locator}</arg>
<doc>Click element identified by `locator`.</doc>
<status status="PASS" start="2024-11-17T20:20:52.079592" elapsed="0.079853"/>
</kw>
<arg>locator=${add_reminder_button_locator}</arg>
<arg>timeout=${timeout}</arg>
<status status="PASS" start="2024-11-17T20:20:52.039503" elapsed="0.120076"/>
</kw>
<kw name="Wait And Input Text" owner="common">
<kw name="Wait Until Element Is Visible" owner="AppiumLibrary">
<msg time="2024-11-17T20:20:53.279538" level="INFO">xpath criteria: //android.widget.EditText[@resource-id="com.avjindersinghsekhon.minimaltodo:id/userToDoEditText"]
xpath criteria: //android.widget.EditText[@resource-id="com.avjindersinghsekhon.minimaltodo:id/userToDoEditText"]</msg>
<arg>${locator}</arg>
<arg>${timeout}</arg>
<doc>Waits until element specified with `locator` is visible.</doc>
<status status="PASS" start="2024-11-17T20:20:52.160399" elapsed="1.119356"/>
</kw>
<kw name="Input Text" owner="AppiumLibrary">
<msg time="2024-11-17T20:20:53.282726" level="INFO">Typing text '1ๅนสน' into text field 'xpath=//android.widget.EditText[@resource-id="com.avjindersinghsekhon.minimaltodo:id/userToDoEditText"]'</msg>
<msg time="2024-11-17T20:20:53.318887" level="INFO">xpath criteria: //android.widget.EditText[@resource-id="com.avjindersinghsekhon.minimaltodo:id/userToDoEditText"]</msg>
<arg>locator=${locator}</arg>
<arg>text=${text}</arg>
<doc>Types the given `text` into text field identified by `locator`.</doc>
<status status="PASS" start="2024-11-17T20:20:53.280214" elapsed="0.038834"/>
</kw>
<arg>locator=${input_reminder_title_locator}</arg>
<arg>text=${title}</arg>
<arg>timeout=${timeout}</arg>
<status status="PASS" start="2024-11-17T20:20:52.159815" elapsed="1.159388"/>
</kw>
<if>
<branch type="IF" condition="'${toggle_minial_reminder_on}'=='${TRUE}'">
<kw name="Wait And Click Element" owner="common">
<kw name="Wait Until Element Is Visible" owner="AppiumLibrary">
<msg time="2024-11-17T20:20:53.971443" level="INFO">xpath criteria: //android.widget.Switch[@resource-id="com.avjindersinghsekhon.minimaltodo:id/toDoHasDateSwitchCompat"]</msg>
<arg>${locator}</arg>
<arg>${timeout}</arg>
<doc>Waits until element specified with `locator` is visible.</doc>
<status status="PASS" start="2024-11-17T20:20:53.320821" elapsed="0.650838"/>
</kw>
<kw name="Click Element" owner="AppiumLibrary">
<msg time="2024-11-17T20:20:53.974178" level="INFO">Clicking element 'xpath=//android.widget.Switch[@resource-id="com.avjindersinghsekhon.minimaltodo:id/toDoHasDateSwitchCompat"]'.</msg>
<msg time="2024-11-17T20:20:54.024230" level="INFO">xpath criteria: //android.widget.Switch[@resource-id="com.avjindersinghsekhon.minimaltodo:id/toDoHasDateSwitchCompat"]</msg>
<arg>${locator}</arg>
<doc>Click element identified by `locator`.</doc>
<status status="PASS" start="2024-11-17T20:20:53.971945" elapsed="0.052381"/>
</kw>
<arg>locator=${add_reminder_toggle_locator}</arg>
<arg>timeout=${timeout}</arg>
<status status="PASS" start="2024-11-17T20:20:53.320018" elapsed="0.704390"/>
</kw>
<status status="PASS" start="2024-11-17T20:20:53.319410" elapsed="0.705027"/>
</branch>
<status status="PASS" start="2024-11-17T20:20:53.319353" elapsed="0.705125"/>
</if>
<kw name="Handle Calculate Date Time" owner="minimal">
<kw name="Get Current Date" owner="DateTime">
<msg time="2024-11-17T20:20:54.025325" level="INFO">${current_date_time} = 17 Nov 2024 08 20 PM</msg>
<var>${current_date_time}</var>
<arg>result_format=%d %b %Y %I %M %p</arg>
<doc>Returns current local or UTC time with an optional increment.</doc>
<status status="PASS" start="2024-11-17T20:20:54.025084" elapsed="0.000259"/>
</kw>
<kw name="Set Variable" owner="BuiltIn">
<msg time="2024-11-17T20:20:54.025974" level="INFO">${day} = 17</msg>
<var>${day}</var>
<arg>${current_date_time.split()[0]}</arg>
<doc>Returns the given values which can then be assigned to a variables.</doc>
<status status="PASS" start="2024-11-17T20:20:54.025445" elapsed="0.000544"/>
</kw>
<kw name="Set Variable" owner="BuiltIn">
<msg time="2024-11-17T20:20:54.026486" level="INFO">${month} = Nov</msg>
<var>${month}</var>
<arg>${current_date_time.split()[1]}</arg>
<doc>Returns the given values which can then be assigned to a variables.</doc>
<status status="PASS" start="2024-11-17T20:20:54.026071" elapsed="0.000430"/>
</kw>
<kw name="Set Variable" owner="BuiltIn">
<msg time="2024-11-17T20:20:54.027188" level="INFO">${year} = 2024</msg>
<var>${year}</var>
<arg>${current_date_time.split()[2]}</arg>
<doc>Returns the given values which can then be assigned to a variables.</doc>
<status status="PASS" start="2024-11-17T20:20:54.026655" elapsed="0.000551"/>
</kw>
<kw name="Set Variable" owner="BuiltIn">
<msg time="2024-11-17T20:20:54.027937" level="INFO">${hour} = 8</msg>
<var>${hour}</var>
<arg>${current_date_time.split()[3].lstrip('0')}</arg>
<doc>Returns the given values which can then be assigned to a variables.</doc>
<status status="PASS" start="2024-11-17T20:20:54.027297" elapsed="0.000660"/>
</kw>
<kw name="Convert To Integer" owner="BuiltIn">
<msg time="2024-11-17T20:20:54.028274" level="INFO">${hour} = 8</msg>
<var>${hour}</var>
<arg>${hour}</arg>
<doc>Converts the given item to an integer number.</doc>
<status status="PASS" start="2024-11-17T20:20:54.028090" elapsed="0.000205"/>
</kw>
<kw name="Evaluate" owner="BuiltIn">
<msg time="2024-11-17T20:20:54.028903" level="INFO">${hour} = 9</msg>
<var>${hour}</var>
<arg>${hour}+${1}</arg>
<doc>Evaluates the given expression in Python and returns the result.</doc>
<status status="PASS" start="2024-11-17T20:20:54.028420" elapsed="0.000501"/>
</kw>
<kw name="Set Variable" owner="BuiltIn">
<msg time="2024-11-17T20:20:54.029452" level="INFO">${minute} = 20</msg>
<var>${minute}</var>
<arg>${current_date_time.split()[4]}</arg>
<doc>Returns the given values which can then be assigned to a variables.</doc>
<status status="PASS" start="2024-11-17T20:20:54.029010" elapsed="0.000456"/>
</kw>
<kw name="Set Variable" owner="BuiltIn">
<msg time="2024-11-17T20:20:54.030322" level="INFO">${period} = PM</msg>
<var>${period}</var>
<arg>${current_date_time.split()[5]}</arg>
<doc>Returns the given values which can then be assigned to a variables.</doc>
<status status="PASS" start="2024-11-17T20:20:54.029544" elapsed="0.000805"/>
</kw>
<return>
<value>${day}</value>
<value>${month}</value>
<value>${year}</value>
<value>${hour}</value>
<value>${minute}</value>
<value>${period}</value>
<status status="PASS" start="2024-11-17T20:20:54.030417" elapsed="0.000063"/>
</return>
<msg time="2024-11-17T20:20:54.030924" level="INFO">${day} = 17</msg>
<msg time="2024-11-17T20:20:54.030967" level="INFO">${month} = Nov</msg>
<msg time="2024-11-17T20:20:54.031005" level="INFO">${year} = 2024</msg>
<msg time="2024-11-17T20:20:54.031045" level="INFO">${hour} = 9</msg>
<msg time="2024-11-17T20:20:54.031083" level="INFO">${minute} = 20</msg>
<msg time="2024-11-17T20:20:54.031120" level="INFO">${period} = PM</msg>
<var>${day}</var>
<var>${month}</var>
<var>${year}</var>
<var>${hour}</var>
<var>${minute}</var>
<var>${period}</var>
<status status="PASS" start="2024-11-17T20:20:54.024735" elapsed="0.006408"/>
</kw>
<if>
<branch type="IF" condition="'${confirm}'=='${TRUE}' and '${date}'=='${NULL}' and '${time}'=='${NULL}'">
<kw name="Wait And Click Element" owner="common">
<arg>locator=${next_add_reminder_button_locator}</arg>
<arg>timeout=${timeout}</arg>
<status status="NOT RUN" start="2024-11-17T20:20:54.031715" elapsed="0.000037"/>
</kw>
<kw name="Set Variable" owner="BuiltIn">
<var>${added_full_time_reminder}</var>
<arg>${month} ${day}, ${year} ${hour}:${minute} ${period}</arg>
<doc>Returns the given values which can then be assigned to a variables.</doc>
<status status="NOT RUN" start="2024-11-17T20:20:54.031962" elapsed="0.000027"/>
</kw>
<kw name="Verify Landing Mininal Reminder Page" owner="minimal">
<arg>title=${title}</arg>
<arg>added_full_time_reminder=${added_full_time_reminder}</arg>
<arg>toggle_minial_reminder_on=${toggle_minial_reminder_on}</arg>
<status status="NOT RUN" start="2024-11-17T20:20:54.032166" elapsed="0.000017"/>
</kw>
<status status="NOT RUN" start="2024-11-17T20:20:54.031259" elapsed="0.000954"/>
</branch>
<branch type="ELSE IF" condition="'${confirm}'=='${TRUE}' and '${date}'=='${NULL}' and '${time}'!='${NULL}'">
<kw name="Add Time" owner="minimal">
<kw name="Handle Calculate Date Time" owner="minimal">
<kw name="Get Current Date" owner="DateTime">
<msg time="2024-11-17T20:20:54.033712" level="INFO">${current_date_time} = 17 Nov 2024 08 20 PM</msg>
<var>${current_date_time}</var>
<arg>result_format=%d %b %Y %I %M %p</arg>
<doc>Returns current local or UTC time with an optional increment.</doc>
<status status="PASS" start="2024-11-17T20:20:54.033464" elapsed="0.000277"/>
</kw>
<kw name="Set Variable" owner="BuiltIn">
<msg time="2024-11-17T20:20:54.034475" level="INFO">${day} = 17</msg>
<var>${day}</var>
<arg>${current_date_time.split()[0]}</arg>
<doc>Returns the given values which can then be assigned to a variables.</doc>
<status status="PASS" start="2024-11-17T20:20:54.033857" elapsed="0.000637"/>
</kw>
<kw name="Set Variable" owner="BuiltIn">
<msg time="2024-11-17T20:20:54.035137" level="INFO">${month} = Nov</msg>
<var>${month}</var>
<arg>${current_date_time.split()[1]}</arg>
<doc>Returns the given values which can then be assigned to a variables.</doc>
<status status="PASS" start="2024-11-17T20:20:54.034596" elapsed="0.000559"/>
</kw>
<kw name="Set Variable" owner="BuiltIn">
<msg time="2024-11-17T20:20:54.035786" level="INFO">${year} = 2024</msg>
<var>${year}</var>
<arg>${current_date_time.split()[2]}</arg>
<doc>Returns the given values which can then be assigned to a variables.</doc>
<status status="PASS" start="2024-11-17T20:20:54.035253" elapsed="0.000551"/>
</kw>
<kw name="Set Variable" owner="BuiltIn">
<msg time="2024-11-17T20:20:54.036406" level="INFO">${hour} = 8</msg>
<var>${hour}</var>
<arg>${current_date_time.split()[3].lstrip('0')}</arg>
<doc>Returns the given values which can then be assigned to a variables.</doc>
<status status="PASS" start="2024-11-17T20:20:54.035902" elapsed="0.000522"/>
</kw>
<kw name="Convert To Integer" owner="BuiltIn">
<msg time="2024-11-17T20:20:54.036671" level="INFO">${hour} = 8</msg>
<var>${hour}</var>
<arg>${hour}</arg>
<doc>Converts the given item to an integer number.</doc>
<status status="PASS" start="2024-11-17T20:20:54.036527" elapsed="0.000162"/>
</kw>
<kw name="Evaluate" owner="BuiltIn">
<msg time="2024-11-17T20:20:54.037282" level="INFO">${hour} = 9</msg>
<var>${hour}</var>
<arg>${hour}+${1}</arg>
<doc>Evaluates the given expression in Python and returns the result.</doc>
<status status="PASS" start="2024-11-17T20:20:54.036791" elapsed="0.000510"/>
</kw>
<kw name="Set Variable" owner="BuiltIn">
<msg time="2024-11-17T20:20:54.037933" level="INFO">${minute} = 20</msg>
<var>${minute}</var>
<arg>${current_date_time.split()[4]}</arg>
<doc>Returns the given values which can then be assigned to a variables.</doc>
<status status="PASS" start="2024-11-17T20:20:54.037398" elapsed="0.000561"/>
</kw>
<kw name="Set Variable" owner="BuiltIn">
<msg time="2024-11-17T20:20:54.038872" level="INFO">${period} = PM</msg>
<var>${period}</var>
<arg>${current_date_time.split()[5]}</arg>
<doc>Returns the given values which can then be assigned to a variables.</doc>
<status status="PASS" start="2024-11-17T20:20:54.038073" elapsed="0.000830"/>
</kw>
<return>
<value>${day}</value>
<value>${month}</value>
<value>${year}</value>
<value>${hour}</value>
<value>${minute}</value>
<value>${period}</value>
<status status="PASS" start="2024-11-17T20:20:54.038973" elapsed="0.000043"/>
</return>
<msg time="2024-11-17T20:20:54.039227" level="INFO">${day} = 17</msg>
<msg time="2024-11-17T20:20:54.039254" level="INFO">${month} = Nov</msg>
<msg time="2024-11-17T20:20:54.039277" level="INFO">${year} = 2024</msg>
<msg time="2024-11-17T20:20:54.039302" level="INFO">${hour} = 9</msg>
<msg time="2024-11-17T20:20:54.039328" level="INFO">${minute} = 20</msg>
<msg time="2024-11-17T20:20:54.039349" level="INFO">${period} = PM</msg>
<var>${day}</var>
<var>${month}</var>
<var>${year}</var>
<var>${hour}</var>
<var>${minute}</var>
<var>${period}</var>
<status status="PASS" start="2024-11-17T20:20:54.033190" elapsed="0.006173"/>
</kw>
<if>
<branch type="IF" condition="'${past}'=='${FALSE}'">
<kw name="Set Variable" owner="BuiltIn">
<var>${select_hour}</var>
<arg>${time.split(':')[0].lstrip('0')}</arg>
<doc>Returns the given values which can then be assigned to a variables.</doc>
<status status="NOT RUN" start="2024-11-17T20:20:54.039879" elapsed="0.000026"/>
</kw>
<kw name="Set Variable" owner="BuiltIn">
<var>${select_minute}</var>
<arg>${time.split(':')[1]}</arg>
<doc>Returns the given values which can then be assigned to a variables.</doc>
<status status="NOT RUN" start="2024-11-17T20:20:54.039988" elapsed="0.000011"/>
</kw>
<kw name="Set Variable" owner="BuiltIn">
<var>${select_period}</var>
<arg>${time.split(':')[2]}</arg>
<doc>Returns the given values which can then be assigned to a variables.</doc>
<status status="NOT RUN" start="2024-11-17T20:20:54.040076" elapsed="0.000011"/>
</kw>
<status status="NOT RUN" start="2024-11-17T20:20:54.039472" elapsed="0.000637"/>
</branch>
<branch type="ELSE">
<kw name="Set Variable" owner="BuiltIn">
<msg time="2024-11-17T20:20:54.040361" level="INFO">${current_minute} = 20</msg>
<var>${current_minute}</var>
<arg>${minute}</arg>
<doc>Returns the given values which can then be assigned to a variables.</doc>
<status status="PASS" start="2024-11-17T20:20:54.040203" elapsed="0.000173"/>
</kw>
<kw name="Evaluate" owner="BuiltIn">
<msg time="2024-11-17T20:20:54.040637" level="INFO">${rounded_minute} = 20</msg>
<var>${rounded_minute}</var>
<arg>(int(${current_minute}) + 4) // 5 * 5</arg>
<doc>Evaluates the given expression in Python and returns the result.</doc>
<status status="PASS" start="2024-11-17T20:20:54.040464" elapsed="0.000187"/>
</kw>
<kw name="Evaluate" owner="BuiltIn">
<msg time="2024-11-17T20:20:54.040908" level="INFO">${rounded_minute_str} = 20</msg>
<var>${rounded_minute_str}</var>
<arg>f"{int(${rounded_minute}):02}"</arg>
<doc>Evaluates the given expression in Python and returns the result.</doc>
<status status="PASS" start="2024-11-17T20:20:54.040727" elapsed="0.000195"/>
</kw>
<kw name="Log" owner="BuiltIn">
<msg time="2024-11-17T20:20:54.041076" level="INFO">Rounded Minute: 20</msg>
<arg>Rounded Minute: ${rounded_minute_str}</arg>
<doc>Logs the given message with the given level.</doc>
<status status="PASS" start="2024-11-17T20:20:54.040996" elapsed="0.000104"/>
</kw>
<kw name="Set Variable" owner="BuiltIn">
<msg time="2024-11-17T20:20:54.041329" level="INFO">${select_hour} = 9</msg>
<var>${select_hour}</var>
<arg>${hour}</arg>
<doc>Returns the given values which can then be assigned to a variables.</doc>
<status status="PASS" start="2024-11-17T20:20:54.041247" elapsed="0.000095"/>
</kw>
<kw name="Set Variable" owner="BuiltIn">
<msg time="2024-11-17T20:20:54.041496" level="INFO">${select_minute} = 20</msg>
<var>${select_minute}</var>
<arg>${rounded_minute_str}</arg>
<doc>Returns the given values which can then be assigned to a variables.</doc>
<status status="PASS" start="2024-11-17T20:20:54.041414" elapsed="0.000095"/>
</kw>
<kw name="Set Variable" owner="BuiltIn">
<msg time="2024-11-17T20:20:54.041727" level="INFO">${select_period} = PM</msg>
<var>${select_period}</var>
<arg>${period}</arg>
<doc>Returns the given values which can then be assigned to a variables.</doc>
<status status="PASS" start="2024-11-17T20:20:54.041580" elapsed="0.000167"/>
</kw>
<status status="PASS" start="2024-11-17T20:20:54.040132" elapsed="0.001644"/>
</branch>
<status status="PASS" start="2024-11-17T20:20:54.039443" elapsed="0.002348"/>
</if>
<kw name="Wait And Click Element" owner="common">
<kw name="Wait Until Element Is Visible" owner="AppiumLibrary">
<msg time="2024-11-17T20:20:54.798049" level="INFO">xpath criteria: //android.widget.EditText[@resource-id="com.avjindersinghsekhon.minimaltodo:id/newTodoTimeEditText"]</msg>
<arg>${locator}</arg>
<arg>${timeout}</arg>
<doc>Waits until element specified with `locator` is visible.</doc>
<status status="PASS" start="2024-11-17T20:20:54.042081" elapsed="0.756102"/>
</kw>
<kw name="Click Element" owner="AppiumLibrary">
<msg time="2024-11-17T20:20:54.801343" level="INFO">Clicking element 'xpath=//android.widget.EditText[@resource-id="com.avjindersinghsekhon.minimaltodo:id/newTodoTimeEditText"]'.</msg>
<msg time="2024-11-17T20:20:54.875402" level="INFO">xpath criteria: //android.widget.EditText[@resource-id="com.avjindersinghsekhon.minimaltodo:id/newTodoTimeEditText"]</msg>
<arg>${locator}</arg>
<doc>Click element identified by `locator`.</doc>
<status status="PASS" start="2024-11-17T20:20:54.798504" elapsed="0.076998"/>
</kw>
<arg>locator=${minimal_reminder_time_button_locator}</arg>
<arg>timeout=${timeout}</arg>
<status status="PASS" start="2024-11-17T20:20:54.041889" elapsed="0.833810"/>
</kw>
<kw name="Create List" owner="BuiltIn">
<msg time="2024-11-17T20:20:54.878717" level="INFO">@{am_button} = [ 395 | 1642 ]</msg>
<var>@{am_button}</var>
<arg>${395}</arg>
<arg>${1642}</arg>
<doc>Returns a list containing given items.</doc>
<status status="PASS" start="2024-11-17T20:20:54.876080" elapsed="0.002673"/>
</kw>
<kw name="Create List" owner="BuiltIn">
<msg time="2024-11-17T20:20:54.880266" level="INFO">@{pm_button} = [ 902 | 1642 ]</msg>
<var>@{pm_button}</var>
<arg>${902}</arg>
<arg>${1642}</arg>
<doc>Returns a list containing given items.</doc>
<status status="PASS" start="2024-11-17T20:20:54.878923" elapsed="0.001367"/>
</kw>
<if>
<branch type="IF" condition="'${select_period}'=='AM'">
<kw name="Tap With Positions" owner="AppiumLibrary">
<arg>${1000}</arg>
<arg>${am_button}</arg>
<doc>Taps on a particular place with up to five fingers, holding for a
certain time</doc>
<status status="NOT RUN" start="2024-11-17T20:20:54.880598" elapsed="0.000016"/>
</kw>
<status status="NOT RUN" start="2024-11-17T20:20:54.880371" elapsed="0.000270"/>
</branch>
<branch type="ELSE">
<kw name="Tap With Positions" owner="AppiumLibrary">
<arg>${1000}</arg>
<arg>${pm_button}</arg>
<doc>Taps on a particular place with up to five fingers, holding for a
certain time</doc>
<status status="PASS" start="2024-11-17T20:20:54.880731" elapsed="1.299612"/>
</kw>
<status status="PASS" start="2024-11-17T20:20:54.880663" elapsed="1.299751"/>
</branch>
<status status="PASS" start="2024-11-17T20:20:54.880351" elapsed="1.300093"/>
</if>
<kw name="Load Json From File" owner="JSONLibrary">
<msg time="2024-11-17T20:20:56.181418" level="INFO">${date_time_data} = {'data': {'hours': {'12': [648, 975], '1': [775, 1014], '2': [877, 1101], '3': [892, 1228], '4': [863, 1350], '5': [775, 1443], '6': [652, 1482], '7': [521, 1438], '8': [424, 1360], '9': [395, 1245], ...</msg>
<var>${date_time_data}</var>
<arg>file_name=/Users/513007542/ttb_automation_test/keyword/mobile/minimal/../../../../ttb_automation_test/resource/mobile/test_data.json</arg>
<doc>Load JSON from file.</doc>
<status status="PASS" start="2024-11-17T20:20:56.180603" elapsed="0.000845"/>
</kw>
<kw name="Set Variable" owner="BuiltIn">
<msg time="2024-11-17T20:20:56.182845" level="INFO">${select_hour} = [395, 1245]</msg>
<var>${select_hour}</var>
<arg>${date_time_data["data"]["hours"]["${select_hour}"]}</arg>
<doc>Returns the given values which can then be assigned to a variables.</doc>
<status status="PASS" start="2024-11-17T20:20:56.181582" elapsed="0.001298"/>
</kw>
<kw name="Set Variable" owner="BuiltIn">
<msg time="2024-11-17T20:20:56.184051" level="INFO">${select_minute} = [863, 1350]</msg>
<var>${select_minute}</var>
<arg>${date_time_data["data"]["minute"]["${select_minute}"]}</arg>
<doc>Returns the given values which can then be assigned to a variables.</doc>
<status status="PASS" start="2024-11-17T20:20:56.183054" elapsed="0.001028"/>
</kw>
<kw name="Tap With Positions" owner="AppiumLibrary">
<arg>${1000}</arg>
<arg>${select_hour}</arg>
<doc>Taps on a particular place with up to five fingers, holding for a
certain time</doc>
<status status="PASS" start="2024-11-17T20:20:56.184251" elapsed="1.297809"/>
</kw>
<kw name="Tap With Positions" owner="AppiumLibrary">
<arg>${1000}</arg>
<arg>${select_minute}</arg>
<doc>Taps on a particular place with up to five fingers, holding for a
certain time</doc>
<status status="PASS" start="2024-11-17T20:20:57.482670" elapsed="1.307875"/>
</kw>
<kw name="Wait And Click Element" owner="common">
<kw name="Wait Until Element Is Visible" owner="AppiumLibrary">
<msg time="2024-11-17T20:20:59.298881" level="INFO">xpath criteria: //android.widget.Button[@resource-id="com.avjindersinghsekhon.minimaltodo:id/ok"]</msg>
<arg>${locator}</arg>
<arg>${timeout}</arg>
<doc>Waits until element specified with `locator` is visible.</doc>
<status status="PASS" start="2024-11-17T20:20:58.792046" elapsed="0.506943"/>
</kw>
<kw name="Click Element" owner="AppiumLibrary">
<msg time="2024-11-17T20:20:59.302830" level="INFO">Clicking element 'xpath=//android.widget.Button[@resource-id="com.avjindersinghsekhon.minimaltodo:id/ok"]'.</msg>
<msg time="2024-11-17T20:20:59.358751" level="INFO">xpath criteria: //android.widget.Button[@resource-id="com.avjindersinghsekhon.minimaltodo:id/ok"]</msg>
<arg>${locator}</arg>
<doc>Click element identified by `locator`.</doc>
<status status="PASS" start="2024-11-17T20:20:59.299392" elapsed="0.059515"/>
</kw>
<arg>locator=${time_ok}</arg>
<arg>timeout=${timeout}</arg>
<status status="PASS" start="2024-11-17T20:20:58.790882" elapsed="0.568188"/>
</kw>
<arg>date=${date}</arg>
<arg>time=${time}</arg>
<status status="PASS" start="2024-11-17T20:20:54.032680" elapsed="5.326450"/>
</kw>
<status status="PASS" start="2024-11-17T20:20:54.032241" elapsed="5.326914"/>
</branch>
<branch type="ELSE IF" condition="'${confirm}'=='${TRUE}' and '${date}'!='${NULL}' and '${time}'=='${NULL}'">
<kw name="Log" owner="BuiltIn">
<arg>message</arg>
<doc>Logs the given message with the given level.</doc>
<status status="NOT RUN" start="2024-11-17T20:20:59.359390" elapsed="0.000018"/>
</kw>
<status status="NOT RUN" start="2024-11-17T20:20:59.359204" elapsed="0.000227"/>
</branch>
<branch type="ELSE IF" condition="'${confirm}'!='${TRUE}'">
<kw name="Add Time" owner="minimal">
<arg>date=${date}</arg>
<arg>time=${time}</arg>
<status status="NOT RUN" start="2024-11-17T20:20:59.359739" elapsed="0.000048"/>
</kw>
<kw name="Wait And Click Element" owner="common">
<arg>locator=${close_add_reminder_page_locator}</arg>
<arg>timeout=${timeout}</arg>
<status status="NOT RUN" start="2024-11-17T20:20:59.360056" elapsed="0.000025"/>
</kw>
<status status="NOT RUN" start="2024-11-17T20:20:59.359448" elapsed="0.000664"/>
</branch>
<status status="PASS" start="2024-11-17T20:20:54.031232" elapsed="5.329736"/>
</if>
<arg>title=1ๅนสน</arg>
<arg>date=${NULL}</arg>
<arg>time=11:45:AM</arg>
<arg>toggle_minial_reminder_on=${TRUE}</arg>
<arg>confirm=${TRUE}</arg>
<status status="PASS" start="2024-11-17T20:20:52.038217" elapsed="7.322825"/>
</kw>
<tag>case_1</tag>
<status status="PASS" start="2024-11-17T20:20:44.282616" elapsed="15.078681"/>
</test>
<status status="PASS" start="2024-11-17T20:20:44.139102" elapsed="15.222909"/>
</suite>
<statistics>
<total>
<stat pass="1" fail="0" skip="0">All Tests</stat>
</total>
<tag>
<stat pass="1" fail="0" skip="0">case_1</stat>
</tag>
<suite>
<stat pass="1" fail="0" skip="0" id="s1" name="Minimal">Minimal</stat>
</suite>
</statistics>
<errors>
</errors>
</robot>
